This is pdfTeX, Version 3.141592653-2.6-1.40.24 (MiKTeX 22.1) (preloaded format=pdflatex 2023.4.4)  25 APR 2023 12:26
entering extended mode
 restricted \write18 enabled.
 %&-line parsing enabled.
**./refman.tex
(refman.tex
LaTeX2e <2022-11-01> patch level 1
L3 programming layer <2023-02-22>
(/Users/matteofranchini/Library/Application Support/MiKTeX/texmfs/install/tex/l
atex/base/book.cls
Document Class: book 2022/07/02 v1.4n Standard LaTeX document class

(/Users/matteofranchini/Library/Application Support/MiKTeX/texmfs/install/tex/l
atex/base/bk10.clo
File: bk10.clo 2022/07/02 v1.4n Standard LaTeX file (size option)
)
\c@part=\count185
\c@chapter=\count186
\c@section=\count187
\c@subsection=\count188
\c@subsubsection=\count189
\c@paragraph=\count190
\c@subparagraph=\count191
\c@figure=\count192
\c@table=\count193
\abovecaptionskip=\skip48
\belowcaptionskip=\skip49
\bibindent=\dimen140
)
(/Users/matteofranchini/Library/Application Support/MiKTeX/texmfs/install/tex/l
atex/base/ifthen.sty
Package: ifthen 2022/04/13 v1.1d Standard LaTeX ifthen package (DPC)
)
(/Users/matteofranchini/Library/Application Support/MiKTeX/texmfs/install/tex/l
atex/tools/array.sty
Rollback for package 'array' requested -> date 2016-10-06.
         Best approximation is the release introduced on 2016-10-06.

(/Users/matteofranchini/Library/Application Support/MiKTeX/texmfs/install/tex/l
atex/tools/array-2016-10-06.sty
Package: array 2016/10/06 v2.4d Tabular extension package (FMi)
\col@sep=\dimen141
\extrarowheight=\dimen142
\NC@list=\toks16
\extratabsurround=\skip50
\backup@length=\skip51
))
(/Users/matteofranchini/Library/Application Support/MiKTeX/texmfs/install/tex/l
atex/base/fixltx2e.sty
Package: fixltx2e 2016/12/29 v2.1a fixes to LaTeX (obsolete)
Applying: [2015/01/01] Old fixltx2e package on input line 46.


Package fixltx2e Warning: fixltx2e is not required with releases after 2015
(fixltx2e)                All fixes are now in the LaTeX kernel.
(fixltx2e)                See the latexrelease package for details.

Already applied: [0000/00/00] Old fixltx2e package on input line 53.
) (doxygen.sty
Package: doxygen 

(/Users/matteofranchini/Library/Application Support/MiKTeX/texmfs/install/tex/l
atex/base/alltt.sty
Package: alltt 2021/01/29 v2.0g defines alltt environment
)
(/Users/matteofranchini/Library/Application Support/MiKTeX/texmfs/install/tex/l
atex/tools/calc.sty
Package: calc 2017/05/25 v4.3 Infix arithmetic (KKT,FJ)
\calc@Acount=\count194
\calc@Bcount=\count195
\calc@Adimen=\dimen143
\calc@Bdimen=\dimen144
\calc@Askip=\skip52
\calc@Bskip=\skip53
LaTeX Info: Redefining \setlength on input line 80.
LaTeX Info: Redefining \addtolength on input line 81.
\calc@Ccount=\count196
\calc@Cskip=\skip54
)
(/Users/matteofranchini/Library/Application Support/MiKTeX/texmfs/install/tex/l
atex/float/float.sty
Package: float 2001/11/08 v1.3d Float enhancements (AL)
\c@float@type=\count197
\float@exts=\toks17
\float@box=\box51
\@float@everytoks=\toks18
\@floatcapt=\box52
)
(/Users/matteofranchini/Library/Application Support/MiKTeX/texmfs/install/tex/l
atex/tools/verbatim.sty
Package: verbatim 2022-07-02 v1.5u LaTeX2e package for verbatim enhancements
\every@verbatim=\toks19
\verbatim@line=\toks20
\verbatim@in@stream=\read2
)
(/Users/matteofranchini/Library/Application Support/MiKTeX/texmfs/install/tex/l
atex/xcolor/xcolor.sty
Package: xcolor 2022/06/12 v2.14 LaTeX color extensions (UK)

(/Users/matteofranchini/Library/Application Support/MiKTeX/texmfs/install/tex/l
atex/graphics-cfg/color.cfg
File: color.cfg 2016/01/02 v1.6 sample color configuration
)
Package xcolor Info: Driver file: pdftex.def on input line 227.

(/Users/matteofranchini/Library/Application Support/MiKTeX/texmfs/install/tex/l
atex/graphics-def/pdftex.def
File: pdftex.def 2022/09/22 v1.2b Graphics/color driver for pdftex
)
(/Users/matteofranchini/Library/Application Support/MiKTeX/texmfs/install/tex/l
atex/colortbl/colortbl.sty
Package: colortbl 2022/06/20 v1.0f Color table columns (DPC)
\everycr=\toks21
\minrowclearance=\skip55
\rownum=\count198
)
(/Users/matteofranchini/Library/Application Support/MiKTeX/texmfs/install/tex/l
atex/graphics/mathcolor.ltx)
Package xcolor Info: Model `cmy' substituted by `cmy0' on input line 1353.
Package xcolor Info: Model `hsb' substituted by `rgb' on input line 1357.
Package xcolor Info: Model `RGB' extended on input line 1369.
Package xcolor Info: Model `HTML' substituted by `rgb' on input line 1371.
Package xcolor Info: Model `Hsb' substituted by `hsb' on input line 1372.
Package xcolor Info: Model `tHsb' substituted by `hsb' on input line 1373.
Package xcolor Info: Model `HSB' substituted by `hsb' on input line 1374.
Package xcolor Info: Model `Gray' substituted by `gray' on input line 1375.
Package xcolor Info: Model `wave' substituted by `hsb' on input line 1376.
) (longtable_doxygen.sty
Package: longtable_doxygen 2014/10/28 v4.11 Multi-page Table package (DPC) - fr
ozen version for doxygen
\LTleft=\skip56
\LTright=\skip57
\LTpre=\skip58
\LTpost=\skip59
\LTchunksize=\count199
\LTcapwidth=\dimen145
\LT@head=\box53
\LT@firsthead=\box54
\LT@foot=\box55
\LT@lastfoot=\box56
\LT@cols=\count266
\LT@rows=\count267
\c@LT@tables=\count268
\c@LT@chunks=\count269
\LT@p@ftn=\toks22
) (tabu_doxygen.sty
Package: tabu_doxygen 2011/02/26 v2.8 - flexible LaTeX tabulars (FC), frozen ve
rsion for doxygen

(/Users/matteofranchini/Library/Application Support/MiKTeX/texmfs/install/tex/l
atex/varwidth/varwidth.sty
Package: varwidth 2009/03/30 ver 0.92;  Variable-width minipages
\@vwid@box=\box57
\sift@deathcycles=\count270
\@vwid@loff=\dimen146
\@vwid@roff=\dimen147
)
\c@taburow=\count271
\tabu@nbcols=\count272
\tabu@cnt=\count273
\tabu@Xcol=\count274
\tabu@alloc=\count275
\tabu@nested=\count276
\tabu@target=\dimen148
\tabu@spreadtarget=\dimen149
\tabu@naturalX=\dimen150
\tabucolX=\dimen151
\tabu@Xsum=\dimen152
\extrarowdepth=\dimen153
\abovetabulinesep=\dimen154
\belowtabulinesep=\dimen155
\tabustrutrule=\dimen156
\tabu@thebody=\toks23
\tabu@footnotes=\toks24
\tabu@box=\box58
\tabu@arstrutbox=\box59
\tabu@hleads=\box60
\tabu@vleads=\box61
\tabu@cellskip=\skip60
)
(/Users/matteofranchini/Library/Application Support/MiKTeX/texmfs/install/tex/l
atex/fancyvrb/fancyvrb.sty
Package: fancyvrb 2023/01/19 4.5a verbatim text (tvz,hv)

(/Users/matteofranchini/Library/Application Support/MiKTeX/texmfs/install/tex/l
atex/graphics/keyval.sty
Package: keyval 2022/05/29 v1.15 key=value parser (DPC)
\KV@toks@=\toks25
)
\FV@CodeLineNo=\count277
\FV@InFile=\read3
\FV@TabBox=\box62
\c@FancyVerbLine=\count278
\FV@StepNumber=\count279
\FV@OutFile=\write3
)
(/Users/matteofranchini/Library/Application Support/MiKTeX/texmfs/install/tex/l
atex/tools/tabularx.sty
Package: tabularx 2020/01/15 v2.11c `tabularx' package (DPC)
\TX@col@width=\dimen157
\TX@old@table=\dimen158
\TX@old@col=\dimen159
\TX@target=\dimen160
\TX@delta=\dimen161
\TX@cols=\count280
\TX@ftn=\toks26
)
(/Users/matteofranchini/Library/Application Support/MiKTeX/texmfs/install/tex/l
atex/tools/multicol.sty
Package: multicol 2021/11/30 v1.9d multicolumn formatting (FMi)
\c@tracingmulticols=\count281
\mult@box=\box63
\multicol@leftmargin=\dimen162
\c@unbalance=\count282
\c@collectmore=\count283
\doublecol@number=\count284
\multicoltolerance=\count285
\multicolpretolerance=\count286
\full@width=\dimen163
\page@free=\dimen164
\premulticols=\dimen165
\postmulticols=\dimen166
\multicolsep=\skip61
\multicolbaselineskip=\skip62
\partial@page=\box64
\last@line=\box65
\maxbalancingoverflow=\dimen167
\mult@rightbox=\box66
\mult@grightbox=\box67
\mult@firstbox=\box68
\mult@gfirstbox=\box69
\@tempa=\box70
\@tempa=\box71
\@tempa=\box72
\@tempa=\box73
\@tempa=\box74
\@tempa=\box75
\@tempa=\box76
\@tempa=\box77
\@tempa=\box78
\@tempa=\box79
\@tempa=\box80
\@tempa=\box81
\@tempa=\box82
\@tempa=\box83
\@tempa=\box84
\@tempa=\box85
\@tempa=\box86
\@tempa=\box87
\@tempa=\box88
\@tempa=\box89
\@tempa=\box90
\@tempa=\box91
\@tempa=\box92
\@tempa=\box93
\@tempa=\box94
\@tempa=\box95
\@tempa=\box96
\@tempa=\box97
\@tempa=\box98
\@tempa=\box99
\@tempa=\box100
\@tempa=\box101
\@tempa=\box102
\@tempa=\box103
\@tempa=\box104
\@tempa=\box105
\c@minrows=\count287
\c@columnbadness=\count288
\c@finalcolumnbadness=\count289
\last@try=\dimen168
\multicolovershoot=\dimen169
\multicolundershoot=\dimen170
\mult@nat@firstbox=\box106
\colbreak@box=\box107
\mc@col@check@num=\count290
)
(/Users/matteofranchini/Library/Application Support/MiKTeX/texmfs/install/tex/l
atex/multirow/multirow.sty
Package: multirow 2021/03/15 v2.8 Span multiple rows of a table
\multirow@colwidth=\skip63
\multirow@cntb=\count291
\multirow@dima=\skip64
\bigstrutjot=\dimen171
)
(/Users/matteofranchini/Library/Application Support/MiKTeX/texmfs/install/tex/l
atex/hanging/hanging.sty
Package: hanging 2009/09/02 v1.2b hanging paragraphs and punctuation
\h@ngcommawd=\skip65
\h@ngfstopwd=\skip66
\h@ngquotewd=\skip67
\h@ngdquotewd=\skip68
\h@ngquerywd=\skip69
\h@ngexclwd=\skip70
\h@ngcolonwd=\skip71
\h@ngscolonwd=\skip72
)
(/Users/matteofranchini/Library/Application Support/MiKTeX/texmfs/install/tex/g
eneric/iftex/ifpdf.sty
Package: ifpdf 2019/10/25 v3.4 ifpdf legacy package. Use iftex instead.

(/Users/matteofranchini/Library/Application Support/MiKTeX/texmfs/install/tex/g
eneric/iftex/iftex.sty
Package: iftex 2020/03/06 v1.0d TeX engine tests
))
(/Users/matteofranchini/Library/Application Support/MiKTeX/texmfs/install/tex/l
atex/adjustbox/adjustbox.sty
Package: adjustbox 2022/10/17 v1.3a Adjusting TeX boxes (trim, clip, ...)

(/Users/matteofranchini/Library/Application Support/MiKTeX/texmfs/install/tex/l
atex/xkeyval/xkeyval.sty
Package: xkeyval 2022/06/16 v2.9 package option processing (HA)

(/Users/matteofranchini/Library/Application Support/MiKTeX/texmfs/install/tex/g
eneric/xkeyval/xkeyval.tex
(/Users/matteofranchini/Library/Application Support/MiKTeX/texmfs/install/tex/g
eneric/xkeyval/xkvutils.tex
\XKV@toks=\toks27
\XKV@tempa@toks=\toks28
)
\XKV@depth=\count292
File: xkeyval.tex 2014/12/03 v2.7a key=value parser (HA)
))
(/Users/matteofranchini/Library/Application Support/MiKTeX/texmfs/install/tex/l
atex/adjustbox/adjcalc.sty
Package: adjcalc 2012/05/16 v1.1 Provides advanced setlength with multiple back
-ends (calc, etex, pgfmath)
)
(/Users/matteofranchini/Library/Application Support/MiKTeX/texmfs/install/tex/l
atex/adjustbox/trimclip.sty
Package: trimclip 2020/08/19 v1.2 Trim and clip general TeX material

(/Users/matteofranchini/Library/Application Support/MiKTeX/texmfs/install/tex/l
atex/graphics/graphicx.sty
Package: graphicx 2021/09/16 v1.2d Enhanced LaTeX Graphics (DPC,SPQR)

(/Users/matteofranchini/Library/Application Support/MiKTeX/texmfs/install/tex/l
atex/graphics/graphics.sty
Package: graphics 2022/03/10 v1.4e Standard LaTeX Graphics (DPC,SPQR)

(/Users/matteofranchini/Library/Application Support/MiKTeX/texmfs/install/tex/l
atex/graphics/trig.sty
Package: trig 2021/08/11 v1.11 sin cos tan (DPC)
)
(/Users/matteofranchini/Library/Application Support/MiKTeX/texmfs/install/tex/l
atex/graphics-cfg/graphics.cfg
File: graphics.cfg 2016/06/04 v1.11 sample graphics configuration
)
Package graphics Info: Driver file: pdftex.def on input line 107.
)
\Gin@req@height=\dimen172
\Gin@req@width=\dimen173
)
(/Users/matteofranchini/Library/Application Support/MiKTeX/texmfs/install/tex/l
atex/collectbox/collectbox.sty
Package: collectbox 2022/10/17 v0.4c Collect macro arguments as boxes
\collectedbox=\box108
)
\tc@llx=\dimen174
\tc@lly=\dimen175
\tc@urx=\dimen176
\tc@ury=\dimen177
Package trimclip Info: Using driver 'tc-pdftex.def'.

(/Users/matteofranchini/Library/Application Support/MiKTeX/texmfs/install/tex/l
atex/adjustbox/tc-pdftex.def
File: tc-pdftex.def 2019/01/04 v2.2 Clipping driver for pdftex
))
\adjbox@Width=\dimen178
\adjbox@Height=\dimen179
\adjbox@Depth=\dimen180
\adjbox@Totalheight=\dimen181
\adjbox@pwidth=\dimen182
\adjbox@pheight=\dimen183
\adjbox@pdepth=\dimen184
\adjbox@ptotalheight=\dimen185

(/Users/matteofranchini/Library/Application Support/MiKTeX/texmfs/install/tex/l
atex/ifoddpage/ifoddpage.sty
Package: ifoddpage 2022/10/18 v1.2 Conditionals for odd/even page detection
\c@checkoddpage=\count293
))
(/Users/matteofranchini/Library/Application Support/MiKTeX/texmfs/install/tex/l
atex/amsfonts/amssymb.sty
Package: amssymb 2013/01/14 v3.01 AMS font symbols

(/Users/matteofranchini/Library/Application Support/MiKTeX/texmfs/install/tex/l
atex/amsfonts/amsfonts.sty
Package: amsfonts 2013/01/14 v3.01 Basic AMSFonts support
\@emptytoks=\toks29
\symAMSa=\mathgroup4
\symAMSb=\mathgroup5
LaTeX Font Info:    Redeclaring math symbol \hbar on input line 98.
LaTeX Font Info:    Overwriting math alphabet `\mathfrak' in version `bold'
(Font)                  U/euf/m/n --> U/euf/b/n on input line 106.
))
(/Users/matteofranchini/Library/Application Support/MiKTeX/texmfs/install/tex/l
atex/stackengine/stackengine.sty
Package: stackengine 2021/07/22 v4.11\ Stacking text and objects in convenient 
ways

(/Users/matteofranchini/Library/Application Support/MiKTeX/texmfs/install/tex/l
atex/etoolbox/etoolbox.sty
Package: etoolbox 2020/10/05 v2.5k e-TeX tools for LaTeX (JAW)
\etb@tempcnta=\count294
)
(/Users/matteofranchini/Library/Application Support/MiKTeX/texmfs/install/tex/l
atex/listofitems/listofitems.sty
(/Users/matteofranchini/Library/Application Support/MiKTeX/texmfs/install/tex/g
eneric/listofitems/listofitems.tex
\loi_cnt_foreach_nest=\count295
\loi_nestcnt=\count296
)
Package: listofitems 2019/08/21 v1.63 Grab items in lists using user-specified 
sep char (CT)
)
\c@@stackindex=\count297
\@boxshift=\skip73
\stack@tmplength=\skip74
\temp@stkl=\skip75
\@stackedboxwidth=\skip76
\@addedbox=\box109
\@anchorbox=\box110
\@insetbox=\box111
\se@backgroundbox=\box112
\stackedbox=\box113
\@centerbox=\box114
\c@ROWcellindex@=\count298
)
(/Users/matteofranchini/Library/Application Support/MiKTeX/texmfs/install/tex/l
atex/enumitem/enumitem.sty
Package: enumitem 2019/06/20 v3.9 Customized lists
\labelindent=\skip77
\enit@outerparindent=\dimen186
\enit@toks=\toks30
\enit@inbox=\box115
\enit@count@id=\count299
\enitdp@description=\count300
)
(/Users/matteofranchini/Library/Application Support/MiKTeX/texmfs/install/tex/g
eneric/alphalph/alphalph.sty
Package: alphalph 2019/12/09 v2.6 Convert numbers to letters (HO)

(/Users/matteofranchini/Library/Application Support/MiKTeX/texmfs/install/tex/g
eneric/infwarerr/infwarerr.sty
Package: infwarerr 2019/12/03 v1.5 Providing info/warning/error messages (HO)
)
(/Users/matteofranchini/Library/Application Support/MiKTeX/texmfs/install/tex/g
eneric/intcalc/intcalc.sty
Package: intcalc 2019/12/15 v1.3 Expandable calculations with integers (HO)
))
(/Users/matteofranchini/Library/Application Support/MiKTeX/texmfs/install/tex/l
atex/ulem/ulem.sty
\UL@box=\box116
\UL@hyphenbox=\box117
\UL@skip=\skip78
\UL@hook=\toks31
\UL@height=\dimen187
\UL@pe=\count301
\UL@pixel=\dimen188
\ULC@box=\box118
Package: ulem 2019/11/18
\ULdepth=\dimen189
)
\xrefbox=\box119
\xreflength=\skip79
\CodeWidthChar=\skip80
\CodeHeightChar=\skip81
\DoxyCodeWidth=\skip82
\c@DoxyEnumeratei=\count302
\c@DoxyEnumerateii=\count303
\c@DoxyEnumerateiii=\count304
\c@DoxyEnumerateiv=\count305
\c@DoxyEnumeratev=\count306
\c@DoxyEnumeratevi=\count307
\c@DoxyEnumeratevii=\count308
\c@DoxyEnumerateviii=\count309
\c@DoxyEnumerateix=\count310
\c@DoxyEnumeratex=\count311
\c@DoxyEnumeratexi=\count312
\c@DoxyEnumeratexii=\count313
\enitdp@DoxyEnumerate=\count314
\enitdp@DoxyItemize=\count315
)
(/Users/matteofranchini/Library/Application Support/MiKTeX/texmfs/install/tex/l
atex/base/inputenc.sty
Package: inputenc 2021/02/14 v1.3d Input encoding file
\inpenc@prehook=\toks32
\inpenc@posthook=\toks33
)
(/Users/matteofranchini/Library/Application Support/MiKTeX/texmfs/install/tex/l
atex/base/makeidx.sty
Package: makeidx 2021/10/04 v1.0m Standard LaTeX package
)
(/Users/matteofranchini/Library/Application Support/MiKTeX/texmfs/install/tex/l
atex/base/textcomp.sty
Package: textcomp 2020/02/02 v2.0n Standard LaTeX package
)
(/Users/matteofranchini/Library/Application Support/MiKTeX/texmfs/install/tex/l
atex/wasysym/wasysym.sty
Package: wasysym 2020/01/19 v2.4 Wasy-2 symbol support package
\symwasy=\mathgroup6
LaTeX Font Info:    Overwriting symbol font `wasy' in version `bold'
(Font)                  U/wasy/m/n --> U/wasy/b/n on input line 93.
)
(/Users/matteofranchini/Library/Application Support/MiKTeX/texmfs/install/tex/g
eneric/iftex/ifxetex.sty
Package: ifxetex 2019/10/25 v0.7 ifxetex legacy package. Use iftex instead.
)
(/Users/matteofranchini/Library/Application Support/MiKTeX/texmfs/install/tex/g
eneric/babel/babel.sty
Package: babel 2023/02/13 3.86 The Babel package
\babel@savecnt=\count316
\U@D=\dimen190
\l@unhyphenated=\language79

(/Users/matteofranchini/Library/Application Support/MiKTeX/texmfs/install/tex/g
eneric/babel/txtbabel.def)
\bbl@readstream=\read4
\bbl@dirlevel=\count317

*************************************
* Local config file bblopts.cfg used
*

(/Users/matteofranchini/Library/Application Support/MiKTeX/texmfs/install/tex/l
atex/arabi/bblopts.cfg
File: bblopts.cfg 2005/09/08 v0.1 add Arabic and Farsi to "declared" options of
 babel
)
(/Users/matteofranchini/Library/Application Support/MiKTeX/texmfs/install/tex/l
atex/babel-italian/italian.ldf
Language: italian 2022/03/27 v.1.4.07 Italian support for the babel system
\it@lettering=\count318
\it@doublequoteactive=\count319
\it@ISOcompliance=\count320
))
(/Users/matteofranchini/Library/Application Support/MiKTeX/texmfs/install/tex/g
eneric/babel/locale/it/babel-italian.tex
Package babel Info: Importing font and identification data for italian
(babel)             from babel-it.ini. Reported on input line 11.
)
(/Users/matteofranchini/Library/Application Support/MiKTeX/texmfs/install/tex/l
atex/base/fontenc.sty
Package: fontenc 2021/04/29 v2.0v Standard LaTeX package
)
(/Users/matteofranchini/Library/Application Support/MiKTeX/texmfs/install/tex/l
atex/psnfss/helvet.sty
Package: helvet 2020/03/25 PSNFSS-v9.3 (WaS) 
)
(/Users/matteofranchini/Library/Application Support/MiKTeX/texmfs/install/tex/l
atex/psnfss/courier.sty
Package: courier 2020/03/25 PSNFSS-v9.3 (WaS) 
)
(/Users/matteofranchini/Library/Application Support/MiKTeX/texmfs/install/tex/l
atex/sectsty/sectsty.sty
Package: sectsty 2002/02/25 v2.0.2 Commands to change all sectional heading sty
les


LaTeX Warning: Command \underbar  has changed.
               Check if current package is valid.


LaTeX Warning: Command \underline  has changed.
               Check if current package is valid.

)
(/Users/matteofranchini/Library/Application Support/MiKTeX/texmfs/install/tex/l
atex/geometry/geometry.sty
Package: geometry 2020/01/02 v5.9 Page Geometry

(/Users/matteofranchini/Library/Application Support/MiKTeX/texmfs/install/tex/g
eneric/iftex/ifvtex.sty
Package: ifvtex 2019/10/25 v1.7 ifvtex legacy package. Use iftex instead.
)
\Gm@cnth=\count321
\Gm@cntv=\count322
\c@Gm@tempcnt=\count323
\Gm@bindingoffset=\dimen191
\Gm@wd@mp=\dimen192
\Gm@odd@mp=\dimen193
\Gm@even@mp=\dimen194
\Gm@layoutwidth=\dimen195
\Gm@layoutheight=\dimen196
\Gm@layouthoffset=\dimen197
\Gm@layoutvoffset=\dimen198
\Gm@dimlist=\toks34

(/Users/matteofranchini/Library/Application Support/MiKTeX/texmfs/install/tex/l
atex/geometry/geometry.cfg))
(/Users/matteofranchini/Library/Application Support/MiKTeX/texmfs/install/tex/l
atex/changepage/changepage.sty
Package: changepage 2009/10/20 v1.0c check page and change page layout
\c@cp@cntr=\count324
\cp@tempcnt=\count325
LaTeX Info: Redefining \checkoddpage on input line 59.
)
(/Users/matteofranchini/Library/Application Support/MiKTeX/texmfs/install/tex/l
atex/fancyhdr/fancyhdr.sty
Package: fancyhdr 2022/11/09 v4.1 Extensive control of page headers and footers

\f@nch@headwidth=\skip83
\f@nch@O@elh=\skip84
\f@nch@O@erh=\skip85
\f@nch@O@olh=\skip86
\f@nch@O@orh=\skip87
\f@nch@O@elf=\skip88
\f@nch@O@erf=\skip89
\f@nch@O@olf=\skip90
\f@nch@O@orf=\skip91
)
(/Users/matteofranchini/Library/Application Support/MiKTeX/texmfs/install/tex/l
atex/natbib/natbib.sty
Package: natbib 2010/09/13 8.31b (PWD, AO)
\bibhang=\skip92
\bibsep=\skip93
LaTeX Info: Redefining \cite on input line 694.
\c@NAT@ctr=\count326
)
(/Users/matteofranchini/Library/Application Support/MiKTeX/texmfs/install/tex/l
atex/tocloft/tocloft.sty
Package: tocloft 2017/08/31 v2.3i parameterised ToC, etc., typesetting
Package tocloft Info: The document has chapter divisions on input line 51.
\cftparskip=\skip94
\cftbeforetoctitleskip=\skip95
\cftaftertoctitleskip=\skip96
\cftbeforepartskip=\skip97
\cftpartnumwidth=\skip98
\cftpartindent=\skip99
\cftbeforechapskip=\skip100
\cftchapindent=\skip101
\cftchapnumwidth=\skip102
\cftbeforesecskip=\skip103
\cftsecindent=\skip104
\cftsecnumwidth=\skip105
\cftbeforesubsecskip=\skip106
\cftsubsecindent=\skip107
\cftsubsecnumwidth=\skip108
\cftbeforesubsubsecskip=\skip109
\cftsubsubsecindent=\skip110
\cftsubsubsecnumwidth=\skip111
\cftbeforeparaskip=\skip112
\cftparaindent=\skip113
\cftparanumwidth=\skip114
\cftbeforesubparaskip=\skip115
\cftsubparaindent=\skip116
\cftsubparanumwidth=\skip117
\cftbeforeloftitleskip=\skip118
\cftafterloftitleskip=\skip119
\cftbeforefigskip=\skip120
\cftfigindent=\skip121
\cftfignumwidth=\skip122
\c@lofdepth=\count327
\c@lotdepth=\count328
\cftbeforelottitleskip=\skip123
\cftafterlottitleskip=\skip124
\cftbeforetabskip=\skip125
\cfttabindent=\skip126
\cfttabnumwidth=\skip127
)
\@indexfile=\write4
\openout4 = `refman.idx'.


Writing index file refman.idx

(/Users/matteofranchini/Library/Application Support/MiKTeX/texmfs/install/tex/l
atex/newunicodechar/newunicodechar.sty
Package: newunicodechar 2018/04/08 v1.2 Defining Unicode characters
)

Package newunicodechar Warning: Redefining Unicode character on input line 118.



Package newunicodechar Warning: Redefining Unicode character on input line 119.



(/Users/matteofranchini/Library/Application Support/MiKTeX/texmfs/install/tex/l
atex/hyperref/hyperref.sty
Package: hyperref 2023-02-07 v7.00v Hypertext links for LaTeX

(/Users/matteofranchini/Library/Application Support/MiKTeX/texmfs/install/tex/g
eneric/ltxcmds/ltxcmds.sty
Package: ltxcmds 2020-05-10 v1.25 LaTeX kernel commands for general use (HO)
)
(/Users/matteofranchini/Library/Application Support/MiKTeX/texmfs/install/tex/g
eneric/pdftexcmds/pdftexcmds.sty
Package: pdftexcmds 2020-06-27 v0.33 Utility functions of pdfTeX for LuaTeX (HO
)
Package pdftexcmds Info: \pdf@primitive is available.
Package pdftexcmds Info: \pdf@ifprimitive is available.
Package pdftexcmds Info: \pdfdraftmode found.
)
(/Users/matteofranchini/Library/Application Support/MiKTeX/texmfs/install/tex/l
atex/kvsetkeys/kvsetkeys.sty
Package: kvsetkeys 2022-10-05 v1.19 Key value parser (HO)
)
(/Users/matteofranchini/Library/Application Support/MiKTeX/texmfs/install/tex/g
eneric/kvdefinekeys/kvdefinekeys.sty
Package: kvdefinekeys 2019-12-19 v1.6 Define keys (HO)
)
(/Users/matteofranchini/Library/Application Support/MiKTeX/texmfs/install/tex/g
eneric/pdfescape/pdfescape.sty
Package: pdfescape 2019/12/09 v1.15 Implements pdfTeX's escape features (HO)
)
(/Users/matteofranchini/Library/Application Support/MiKTeX/texmfs/install/tex/l
atex/hycolor/hycolor.sty
Package: hycolor 2020-01-27 v1.10 Color options for hyperref/bookmark (HO)
)
(/Users/matteofranchini/Library/Application Support/MiKTeX/texmfs/install/tex/l
atex/letltxmacro/letltxmacro.sty
Package: letltxmacro 2019/12/03 v1.6 Let assignment for LaTeX macros (HO)
)
(/Users/matteofranchini/Library/Application Support/MiKTeX/texmfs/install/tex/l
atex/auxhook/auxhook.sty
Package: auxhook 2019-12-17 v1.6 Hooks for auxiliary files (HO)
)
(/Users/matteofranchini/Library/Application Support/MiKTeX/texmfs/install/tex/l
atex/hyperref/nameref.sty
Package: nameref 2022-05-17 v2.50 Cross-referencing by name of section

(/Users/matteofranchini/Library/Application Support/MiKTeX/texmfs/install/tex/l
atex/refcount/refcount.sty
Package: refcount 2019/12/15 v3.6 Data extraction from label references (HO)
)
(/Users/matteofranchini/Library/Application Support/MiKTeX/texmfs/install/tex/g
eneric/gettitlestring/gettitlestring.sty
Package: gettitlestring 2019/12/15 v1.6 Cleanup title references (HO)

(/Users/matteofranchini/Library/Application Support/MiKTeX/texmfs/install/tex/l
atex/kvoptions/kvoptions.sty
Package: kvoptions 2022-06-15 v3.15 Key value format for package options (HO)
))
\c@section@level=\count329
)
\@linkdim=\dimen199
\Hy@linkcounter=\count330
\Hy@pagecounter=\count331

(/Users/matteofranchini/Library/Application Support/MiKTeX/texmfs/install/tex/l
atex/hyperref/pd1enc.def
File: pd1enc.def 2023-02-07 v7.00v Hyperref: PDFDocEncoding definition (HO)
Now handling font encoding PD1 ...
... no UTF-8 mapping file for font encoding PD1
)
(/Users/matteofranchini/Library/Application Support/MiKTeX/texmfs/install/tex/g
eneric/etexcmds/etexcmds.sty
Package: etexcmds 2019/12/15 v1.7 Avoid name clashes with e-TeX commands (HO)
)
\Hy@SavedSpaceFactor=\count332

(/Users/matteofranchini/Library/Application Support/MiKTeX/texmfs/install/tex/l
atex/hyperref/puenc.def
File: puenc.def 2023-02-07 v7.00v Hyperref: PDF Unicode definition (HO)
Now handling font encoding PU ...
... no UTF-8 mapping file for font encoding PU
)
Package hyperref Info: Hyper figures OFF on input line 4177.
Package hyperref Info: Link nesting OFF on input line 4182.
Package hyperref Info: Hyper index ON on input line 4185.
Package hyperref Info: Plain pages OFF on input line 4192.
Package hyperref Info: Backreferencing ON on input line 4195.
Package hyperref Info: Implicit mode ON; LaTeX internals redefined.
Package hyperref Info: Bookmarks ON on input line 4425.

(/Users/matteofranchini/Library/Application Support/MiKTeX/texmfs/install/tex/l
atex/hyperref/backref.sty
Package: backref 2021/02/04 v1.41 Bibliographical back referencing

(/Users/matteofranchini/Library/Application Support/MiKTeX/texmfs/install/tex/l
atex/rerunfilecheck/rerunfilecheck.sty
Package: rerunfilecheck 2022-07-10 v1.10 Rerun checks for auxiliary files (HO)

(/Users/matteofranchini/Library/Application Support/MiKTeX/texmfs/install/tex/l
atex/base/atveryend-ltx.sty
Package: atveryend-ltx 2020/08/19 v1.0a Emulation of the original atveryend pac
kage
with kernel methods
)
(/Users/matteofranchini/Library/Application Support/MiKTeX/texmfs/install/tex/g
eneric/uniquecounter/uniquecounter.sty
Package: uniquecounter 2019/12/15 v1.4 Provide unlimited unique counter (HO)

(/Users/matteofranchini/Library/Application Support/MiKTeX/texmfs/install/tex/g
eneric/bigintcalc/bigintcalc.sty
Package: bigintcalc 2019/12/15 v1.5 Expandable calculations on big integers (HO
)
))
Package uniquecounter Info: New unique counter `rerunfilecheck' on input line 2
85.
))
\c@Hy@tempcnt=\count333

(/Users/matteofranchini/Library/Application Support/MiKTeX/texmfs/install/tex/l
atex/url/url.sty
\Urlmuskip=\muskip16
Package: url 2013/09/16  ver 3.4  Verb mode for urls, etc.
)
LaTeX Info: Redefining \url on input line 4763.
\XeTeXLinkMargin=\dimen256

(/Users/matteofranchini/Library/Application Support/MiKTeX/texmfs/install/tex/g
eneric/bitset/bitset.sty
Package: bitset 2019/12/09 v1.3 Handle bit-vector datatype (HO)
)
\Fld@menulength=\count334
\Field@Width=\dimen257
\Fld@charsize=\dimen258
Package hyperref Info: Hyper figures OFF on input line 6042.
Package hyperref Info: Link nesting OFF on input line 6047.
Package hyperref Info: Hyper index ON on input line 6050.
Package hyperref Info: backreferencing ON on input line 6055.
Package hyperref Info: Link coloring OFF on input line 6062.
Package hyperref Info: Link coloring with OCG OFF on input line 6067.
Package hyperref Info: PDF/A mode OFF on input line 6072.

(/Users/matteofranchini/Library/Application Support/MiKTeX/texmfs/install/tex/l
atex/base/atbegshi-ltx.sty
Package: atbegshi-ltx 2021/01/10 v1.0c Emulation of the original atbegshi
package with kernel methods
)
\Hy@abspage=\count335
\c@Item=\count336
\c@Hfootnote=\count337


LaTeX Warning: Command \LT@p@ftntext  has changed.
               Check if current package is valid.

)
Package hyperref Info: Driver: hpdftex.

(/Users/matteofranchini/Library/Application Support/MiKTeX/texmfs/install/tex/l
atex/hyperref/hpdftex.def
File: hpdftex.def 2023-02-07 v7.00v Hyperref driver for pdfTeX
\Fld@listcount=\count338
\c@bookmark@seq@number=\count339
\Hy@SectionHShift=\skip128
)
Package hyperref Info: Option `colorlinks' set `true' on input line 138.
Package hyperref Info: Option `unicode' set `true' on input line 138.

(/Users/matteofranchini/Library/Application Support/MiKTeX/texmfs/install/tex/l
atex/caption/caption.sty
Package: caption 2023/03/12 v3.6j Customizing captions (AR)

(/Users/matteofranchini/Library/Application Support/MiKTeX/texmfs/install/tex/l
atex/caption/caption3.sty
Package: caption3 2023/03/12 v2.4 caption3 kernel (AR)
\caption@tempdima=\dimen259
\captionmargin=\dimen260
\caption@leftmargin=\dimen261
\caption@rightmargin=\dimen262
\caption@width=\dimen263
\caption@indent=\dimen264
\caption@parindent=\dimen265
\caption@hangindent=\dimen266
Package caption Info: Standard document class detected.
)
\c@caption@flags=\count340
\c@continuedfloat=\count341
Package caption Info: changepage package is loaded.
\caption@adjustwidth@hsize=\dimen267
\caption@adjustwidth@linewidth=\dimen268
Package caption Info: float package is loaded.
Package caption Info: hyperref package is loaded.
Package caption Info: longtable package is loaded.

(/Users/matteofranchini/Library/Application Support/MiKTeX/texmfs/install/tex/l
atex/caption/ltcaption.sty
Package: ltcaption 2021/01/08 v1.4c longtable captions (AR)
))
(/Users/matteofranchini/Library/Application Support/MiKTeX/texmfs/install/tex/l
atex/etoc/etoc.sty
Package: etoc 2023/03/01 v1.2 Completely customisable TOCs (JFB)
\Etoc@toctoks=\toks35
\c@etoc@tocid=\count342
\etoc@framed@titlebox=\box120
\etoc@framed@contentsbox=\box121
)
LaTeX Font Info:    Trying to load font information for T1+phv on input line 15
4.

(/Users/matteofranchini/Library/Application Support/MiKTeX/texmfs/install/tex/l
atex/psnfss/t1phv.fd
File: t1phv.fd 2020/03/25 scalable font definitions for T1/phv.
)
LaTeX Font Info:    Font shape `T1/phv/m/n' will be
(Font)              scaled to size 8.99994pt on input line 154.

(/Users/matteofranchini/Library/Application Support/MiKTeX/texmfs/install/tex/l
atex/l3backend/l3backend-pdftex.def
File: l3backend-pdftex.def 2023-01-16 L3 backend support: PDF output (pdfTeX)
\l__color_backend_stack_int=\count343
\l__pdf_internal_box=\box122
) (refman.aux)
\openout1 = `refman.aux'.

LaTeX Font Info:    Checking defaults for OML/cmm/m/it on input line 154.
LaTeX Font Info:    ... okay on input line 154.
LaTeX Font Info:    Checking defaults for OMS/cmsy/m/n on input line 154.
LaTeX Font Info:    ... okay on input line 154.
LaTeX Font Info:    Checking defaults for OT1/cmr/m/n on input line 154.
LaTeX Font Info:    ... okay on input line 154.
LaTeX Font Info:    Checking defaults for T1/cmr/m/n on input line 154.
LaTeX Font Info:    ... okay on input line 154.
LaTeX Font Info:    Checking defaults for TS1/cmr/m/n on input line 154.
LaTeX Font Info:    ... okay on input line 154.
LaTeX Font Info:    Checking defaults for OMX/cmex/m/n on input line 154.
LaTeX Font Info:    ... okay on input line 154.
LaTeX Font Info:    Checking defaults for U/cmr/m/n on input line 154.
LaTeX Font Info:    ... okay on input line 154.
LaTeX Font Info:    Checking defaults for PD1/pdf/m/n on input line 154.
LaTeX Font Info:    ... okay on input line 154.
LaTeX Font Info:    Checking defaults for PU/pdf/m/n on input line 154.
LaTeX Font Info:    ... okay on input line 154.

(/Users/matteofranchini/Library/Application Support/MiKTeX/texmfs/install/tex/c
ontext/base/mkii/supp-pdf.mkii
[Loading MPS to PDF converter (version 2006.09.02).]
\scratchcounter=\count344
\scratchdimen=\dimen269
\scratchbox=\box123
\nofMPsegments=\count345
\nofMParguments=\count346
\everyMPshowfont=\toks36
\MPscratchCnt=\count347
\MPscratchDim=\dimen270
\MPnumerator=\count348
\makeMPintoPDFobject=\count349
\everyMPtoPDFconversion=\toks37
)
(/Users/matteofranchini/Library/Application Support/MiKTeX/texmfs/install/tex/l
atex/epstopdf-pkg/epstopdf-base.sty
Package: epstopdf-base 2020-01-24 v2.11 Base part for package epstopdf
Package epstopdf-base Info: Redefining graphics rule for `.eps' on input line 4
85.

(/Users/matteofranchini/Library/Application Support/MiKTeX/texmfs/install/tex/l
atex/00miktex/epstopdf-sys.cfg
File: epstopdf-sys.cfg 2021/03/18 v2.0 Configuration of epstopdf for MiKTeX
))
LaTeX Info: Redefining \it@ocap on input line 154.
LaTeX Info: Redefining \it@ccap on input line 154.

*geometry* driver: auto-detecting
*geometry* detected driver: pdftex
*geometry* verbose mode - [ preamble ] result:
* driver: pdftex
* paper: a4paper
* layout: <same size as paper>
* layoutoffset:(h,v)=(0.0pt,0.0pt)
* modes: twoside 
* h-part:(L,W,R)=(71.13188pt, 455.24411pt, 71.13188pt)
* v-part:(T,H,B)=(71.13188pt, 702.78308pt, 71.13188pt)
* \paperwidth=597.50787pt
* \paperheight=845.04684pt
* \textwidth=455.24411pt
* \textheight=702.78308pt
* \oddsidemargin=-1.1381pt
* \evensidemargin=-1.1381pt
* \topmargin=-31.2056pt
* \headheight=12.0pt
* \headsep=18.06749pt
* \topskip=10.0pt
* \footskip=25.29494pt
* \marginparwidth=125.0pt
* \marginparsep=7.0pt
* \columnsep=10.0pt
* \skip\footins=9.0pt plus 4.0pt minus 2.0pt
* \hoffset=0.0pt
* \voffset=0.0pt
* \mag=1000
* \@twocolumnfalse
* \@twosidetrue
* \@mparswitchtrue
* \@reversemarginfalse
* (1in=72.27pt=25.4mm, 1cm=28.453pt)

Package backref Info: ** backref set up for natbib ** on input line 154.
Package hyperref Info: Link coloring ON on input line 154.
(refman.out) (refman.out)
\@outlinefile=\write5
\openout5 = `refman.out'.

Package caption Info: Begin \AtBeginDocument code.
Package caption Info: End \AtBeginDocument code.
\Etoc@tf=\read5
Package hyperref Info: Option `pageanchor' set `false' on input line 162.
Package hyperref Info: Option `bookmarksnumbered' set `true' on input line 162.

Package hyperref Info: Option `unicode' set `true' on input line 162.
LaTeX Font Info:    Font shape `T1/phv/m/n' will be
(Font)              scaled to size 12.9599pt on input line 167.
LaTeX Font Info:    Font shape `T1/phv/m/n' will be
(Font)              scaled to size 10.79993pt on input line 169.
 [1


{/Users/matteofranchini/Library/Application Support/MiKTeX/texmfs/data/fonts/ma
p/pdftex/pdftex.map}] [2

]
\tf@toc=\write6
\openout6 = `refman.toc'.

LaTeX Font Info:    Font shape `T1/phv/b/n' will be
(Font)              scaled to size 8.99994pt on input line 175.
LaTeX Font Info:    Trying to load font information for U+msa on input line 175
.

(/Users/matteofranchini/Library/Application Support/MiKTeX/texmfs/install/tex/l
atex/amsfonts/umsa.fd
File: umsa.fd 2013/01/14 v3.01 AMS symbols A
)
LaTeX Font Info:    Trying to load font information for U+msb on input line 175
.

(/Users/matteofranchini/Library/Application Support/MiKTeX/texmfs/install/tex/l
atex/amsfonts/umsb.fd
File: umsb.fd 2013/01/14 v3.01 AMS symbols B
)
LaTeX Font Info:    Trying to load font information for U+wasy on input line 17
5.

(/Users/matteofranchini/Library/Application Support/MiKTeX/texmfs/install/tex/l
atex/wasysym/uwasy.fd
File: uwasy.fd 2020/01/19 v2.4 Wasy-2 symbol font definitions
)
LaTeX Font Info:    Font shape `T1/phv/b/n' will be
(Font)              scaled to size 6.29996pt on input line 175.
LaTeX Font Info:    Font shape `T1/phv/m/n' will be
(Font)              scaled to size 6.29996pt on input line 175.
 [1] [2]
Package hyperref Info: Option `pageanchor' set `true' on input line 178.

Capitolo 1.
LaTeX Font Info:    Font shape `T1/phv/m/n' will be
(Font)              scaled to size 18.66588pt on input line 180.
LaTeX Font Info:    Font shape `T1/phv/b/n' will be
(Font)              scaled to size 18.66588pt on input line 180.
LaTeX Font Info:    Font shape `T1/phv/bc/n' will be
(Font)              scaled to size 18.66588pt on input line 180.
LaTeX Font Info:    Font shape `T1/phv/m/n' will be
(Font)              scaled to size 22.39185pt on input line 180.
LaTeX Font Info:    Font shape `T1/phv/b/n' will be
(Font)              scaled to size 22.39185pt on input line 180.
LaTeX Font Info:    Font shape `T1/phv/bc/n' will be
(Font)              scaled to size 22.39185pt on input line 180.
(md__l_i_c_e_n_s_e.tex
LaTeX Font Info:    Font shape `T1/phv/m/n' will be
(Font)              scaled to size 7.19995pt on input line 1.
LaTeX Font Info:    Trying to load font information for T1+pcr on input line 1.


(/Users/matteofranchini/Library/Application Support/MiKTeX/texmfs/install/tex/l
atex/psnfss/t1pcr.fd
File: t1pcr.fd 2001/06/04 font definitions for T1/pcr.
) [1


] [2]
LaTeX Font Info:    Trying to load font information for TS1+phv on input line 5
4.

(/Users/matteofranchini/Library/Application Support/MiKTeX/texmfs/install/tex/l
atex/psnfss/ts1phv.fd
File: ts1phv.fd 2020/03/25 scalable font definitions for TS1/phv.
)
LaTeX Font Info:    Font shape `TS1/phv/m/n' will be
(Font)              scaled to size 8.99994pt on input line 54.
) [3] [4

]
Capitolo 2.
LaTeX Font Info:    Font shape `T1/phv/bc/n' will be
(Font)              scaled to size 6.29996pt on input line 184.
(md__r_e_a_d_m_e.tex) [5] [6

]
Capitolo 3.
(annotated.tex
LaTeX Font Info:    Font shape `T1/phv/b/n' will be
(Font)              scaled to size 12.9599pt on input line 1.
) [7] [8

]
Capitolo 4.
(files.tex) [9] [10

]
Capitolo 5.
(struct_processo.tex
LaTeX Font Info:    Font shape `T1/phv/b/n' will be
(Font)              scaled to size 10.79993pt on input line 12.
 [11]) [12]
Capitolo 6.
(algoritmi_8cpp.tex <./algoritmi_8cpp__incl.pdf

pdfTeX warning: pdflatex (file ./algoritmi_8cpp__incl.pdf): PDF inclusion: mult
iple pdfs with page group included in a single page
>
<algoritmi_8cpp__incl.pdf, id=496, 553.06625pt x 321.2pt>
File: algoritmi_8cpp__incl.pdf Graphic file (type pdf)
<use algoritmi_8cpp__incl.pdf>
Package pdftex.def Info: algoritmi_8cpp__incl.pdf  used on input line 13.
(pdftex.def)             Requested size: 350.0pt x 203.26378pt.
 [13

]
LaTeX Font Info:    Font shape `T1/pcr/m/it' in size <8> not available
(Font)              Font shape `T1/pcr/m/sl' tried instead on input line 41.
LaTeX Font Info:    Font shape `T1/pcr/m/it' in size <7> not available
(Font)              Font shape `T1/pcr/m/sl' tried instead on input line 41.
 <./algoritmi_8cpp_a4fb4758345f1160fe3e883512e841243_cgraph.pdf>
<algoritmi_8cpp_a4fb4758345f1160fe3e883512e841243_cgraph.pdf, id=534, 427.5975p
t x 136.51pt>
File: algoritmi_8cpp_a4fb4758345f1160fe3e883512e841243_cgraph.pdf Graphic file 
(type pdf)
<use algoritmi_8cpp_a4fb4758345f1160fe3e883512e841243_cgraph.pdf>
Package pdftex.def Info: algoritmi_8cpp_a4fb4758345f1160fe3e883512e841243_cgrap
h.pdf  used on input line 58.
(pdftex.def)             Requested size: 350.0pt x 111.73686pt.
 <./algoritmi_8cpp_a4fb4758345f1160fe3e883512e841243_icgraph.pdf

pdfTeX warning: pdflatex (file ./algoritmi_8cpp_a4fb4758345f1160fe3e883512e8412
43_icgraph.pdf): PDF inclusion: multiple pdfs with page group included in a sin
gle page
>
<algoritmi_8cpp_a4fb4758345f1160fe3e883512e841243_icgraph.pdf, id=542, 233.8737
5pt x 99.37125pt>
File: algoritmi_8cpp_a4fb4758345f1160fe3e883512e841243_icgraph.pdf Graphic file
 (type pdf)
<use algoritmi_8cpp_a4fb4758345f1160fe3e883512e841243_icgraph.pdf>
Package pdftex.def Info: algoritmi_8cpp_a4fb4758345f1160fe3e883512e841243_icgra
ph.pdf  used on input line 65.
(pdftex.def)             Requested size: 233.0pt x 99.00557pt.
 [14] <./algoritmi_8cpp_a20a98b243ec63926c11036643e703d5b_cgraph.pdf>
<algoritmi_8cpp_a20a98b243ec63926c11036643e703d5b_cgraph.pdf, id=571, 235.88126
pt x 99.37125pt>
File: algoritmi_8cpp_a20a98b243ec63926c11036643e703d5b_cgraph.pdf Graphic file 
(type pdf)
<use algoritmi_8cpp_a20a98b243ec63926c11036643e703d5b_cgraph.pdf>
Package pdftex.def Info: algoritmi_8cpp_a20a98b243ec63926c11036643e703d5b_cgrap
h.pdf  used on input line 89.
(pdftex.def)             Requested size: 235.0pt x 99.00102pt.
 <./algoritmi_8cpp_a20a98b243ec63926c11036643e703d5b_icgraph.pdf

pdfTeX warning: pdflatex (file ./algoritmi_8cpp_a20a98b243ec63926c11036643e703d
5b_icgraph.pdf): PDF inclusion: multiple pdfs with page group included in a sin
gle page
>
<algoritmi_8cpp_a20a98b243ec63926c11036643e703d5b_icgraph.pdf, id=579, 240.9pt 
x 99.37125pt>
File: algoritmi_8cpp_a20a98b243ec63926c11036643e703d5b_icgraph.pdf Graphic file
 (type pdf)
<use algoritmi_8cpp_a20a98b243ec63926c11036643e703d5b_icgraph.pdf>
Package pdftex.def Info: algoritmi_8cpp_a20a98b243ec63926c11036643e703d5b_icgra
ph.pdf  used on input line 96.
(pdftex.def)             Requested size: 240.0pt x 99.00253pt.

Overfull \vbox (20.69493pt too high) has occurred while \output is active []


[15] <./algoritmi_8cpp_afa823a96db950204c54db67098d219a3_cgraph.pdf>
<algoritmi_8cpp_afa823a96db950204c54db67098d219a3_cgraph.pdf, id=604, 455.7025p
t x 136.51pt>
File: algoritmi_8cpp_afa823a96db950204c54db67098d219a3_cgraph.pdf Graphic file 
(type pdf)
<use algoritmi_8cpp_afa823a96db950204c54db67098d219a3_cgraph.pdf>
Package pdftex.def Info: algoritmi_8cpp_afa823a96db950204c54db67098d219a3_cgrap
h.pdf  used on input line 120.
(pdftex.def)             Requested size: 350.0pt x 104.84848pt.
 <./algoritmi_8cpp_afa823a96db950204c54db67098d219a3_icgraph.pdf

pdfTeX warning: pdflatex (file ./algoritmi_8cpp_afa823a96db950204c54db67098d219
a3_icgraph.pdf): PDF inclusion: multiple pdfs with page group included in a sin
gle page
>
<algoritmi_8cpp_afa823a96db950204c54db67098d219a3_icgraph.pdf, id=612, 243.9112
5pt x 99.37125pt>
File: algoritmi_8cpp_afa823a96db950204c54db67098d219a3_icgraph.pdf Graphic file
 (type pdf)
<use algoritmi_8cpp_afa823a96db950204c54db67098d219a3_icgraph.pdf>
Package pdftex.def Info: algoritmi_8cpp_afa823a96db950204c54db67098d219a3_icgra
ph.pdf  used on input line 127.
(pdftex.def)             Requested size: 243.0pt x 99.00102pt.
 <./algoritmi_8cpp_a8297525246f541df4b9f8e6da2402f7d_cgraph.pdf

pdfTeX warning: pdflatex (file ./algoritmi_8cpp_a8297525246f541df4b9f8e6da2402f
7d_cgraph.pdf): PDF inclusion: multiple pdfs with page group included in a sing
le page
>
<algoritmi_8cpp_a8297525246f541df4b9f8e6da2402f7d_cgraph.pdf, id=626, 301.125pt
 x 136.51pt>
File: algoritmi_8cpp_a8297525246f541df4b9f8e6da2402f7d_cgraph.pdf Graphic file 
(type pdf)
<use algoritmi_8cpp_a8297525246f541df4b9f8e6da2402f7d_cgraph.pdf>
Package pdftex.def Info: algoritmi_8cpp_a8297525246f541df4b9f8e6da2402f7d_cgrap
h.pdf  used on input line 153.
(pdftex.def)             Requested size: 300.0pt x 136.01183pt.
 [16] <./algoritmi_8cpp_a8297525246f541df4b9f8e6da2402f7d_icgraph.pdf>
<algoritmi_8cpp_a8297525246f541df4b9f8e6da2402f7d_icgraph.pdf, id=644, 229.8587
5pt x 99.37125pt>
File: algoritmi_8cpp_a8297525246f541df4b9f8e6da2402f7d_icgraph.pdf Graphic file
 (type pdf)
<use algoritmi_8cpp_a8297525246f541df4b9f8e6da2402f7d_icgraph.pdf>
Package pdftex.def Info: algoritmi_8cpp_a8297525246f541df4b9f8e6da2402f7d_icgra
ph.pdf  used on input line 160.
(pdftex.def)             Requested size: 229.0pt x 99.00557pt.

[17] <./algoritmi_8cpp_a60a51e17222e1a8d06e3419f1b6ea594_cgraph.pdf>
<algoritmi_8cpp_a60a51e17222e1a8d06e3419f1b6ea594_cgraph.pdf, id=666, 415.5525p
t x 118.4425pt>
File: algoritmi_8cpp_a60a51e17222e1a8d06e3419f1b6ea594_cgraph.pdf Graphic file 
(type pdf)
<use algoritmi_8cpp_a60a51e17222e1a8d06e3419f1b6ea594_cgraph.pdf>
Package pdftex.def Info: algoritmi_8cpp_a60a51e17222e1a8d06e3419f1b6ea594_cgrap
h.pdf  used on input line 194.
(pdftex.def)             Requested size: 350.0pt x 99.7621pt.
 <./algoritmi_8cpp_a60a51e17222e1a8d06e3419f1b6ea594_icgraph.pdf

pdfTeX warning: pdflatex (file ./algoritmi_8cpp_a60a51e17222e1a8d06e3419f1b6ea5
94_icgraph.pdf): PDF inclusion: multiple pdfs with page group included in a sin
gle page
>
<algoritmi_8cpp_a60a51e17222e1a8d06e3419f1b6ea594_icgraph.pdf, id=674, 240.9pt 
x 99.37125pt>
File: algoritmi_8cpp_a60a51e17222e1a8d06e3419f1b6ea594_icgraph.pdf Graphic file
 (type pdf)
<use algoritmi_8cpp_a60a51e17222e1a8d06e3419f1b6ea594_icgraph.pdf>
Package pdftex.def Info: algoritmi_8cpp_a60a51e17222e1a8d06e3419f1b6ea594_icgra
ph.pdf  used on input line 201.
(pdftex.def)             Requested size: 240.0pt x 99.00253pt.
) (algoritmi_8cpp_source.tex [18] [19]) (algoritmi_8h.tex <./algoritmi_8h__incl
.pdf

pdfTeX warning: pdflatex (file ./algoritmi_8h__incl.pdf): PDF inclusion: multip
le pdfs with page group included in a single page
>
<algoritmi_8h__incl.pdf, id=844, 305.14pt x 265.99374pt>
File: algoritmi_8h__incl.pdf Graphic file (type pdf)
<use algoritmi_8h__incl.pdf>
Package pdftex.def Info: algoritmi_8h__incl.pdf  used on input line 11.
(pdftex.def)             Requested size: 304.0pt x 265.01086pt.
 <./algoritmi_8h__dep__incl.pdf

pdfTeX warning: pdflatex (file ./algoritmi_8h__dep__incl.pdf): PDF inclusion: m
ultiple pdfs with page group included in a single page
>
<algoritmi_8h__dep__incl.pdf, id=852, 226.8475pt x 155.58125pt>
File: algoritmi_8h__dep__incl.pdf Graphic file (type pdf)
<use algoritmi_8h__dep__incl.pdf>
Package pdftex.def Info: algoritmi_8h__dep__incl.pdf  used on input line 19.
(pdftex.def)             Requested size: 226.0pt x 155.0016pt.
 [20] <./algoritmi_8h_a4fb4758345f1160fe3e883512e841243_cgraph.pdf>
<algoritmi_8h_a4fb4758345f1160fe3e883512e841243_cgraph.pdf, id=910, 427.5975pt 
x 136.51pt>
File: algoritmi_8h_a4fb4758345f1160fe3e883512e841243_cgraph.pdf Graphic file (t
ype pdf)
<use algoritmi_8h_a4fb4758345f1160fe3e883512e841243_cgraph.pdf>
Package pdftex.def Info: algoritmi_8h_a4fb4758345f1160fe3e883512e841243_cgraph.
pdf  used on input line 59.
(pdftex.def)             Requested size: 350.0pt x 111.73686pt.
 [21] <./algoritmi_8h_a4fb4758345f1160fe3e883512e841243_icgraph.pdf>
<algoritmi_8h_a4fb4758345f1160fe3e883512e841243_icgraph.pdf, id=932, 233.87375p
t x 99.37125pt>
File: algoritmi_8h_a4fb4758345f1160fe3e883512e841243_icgraph.pdf Graphic file (
type pdf)
<use algoritmi_8h_a4fb4758345f1160fe3e883512e841243_icgraph.pdf>
Package pdftex.def Info: algoritmi_8h_a4fb4758345f1160fe3e883512e841243_icgraph
.pdf  used on input line 66.
(pdftex.def)             Requested size: 233.0pt x 99.00557pt.
 <./algoritmi_8h_a20a98b243ec63926c11036643e703d5b_cgraph.pdf

pdfTeX warning: pdflatex (file ./algoritmi_8h_a20a98b243ec63926c11036643e703d5b
_cgraph.pdf): PDF inclusion: multiple pdfs with page group included in a single
 page
>
<algoritmi_8h_a20a98b243ec63926c11036643e703d5b_cgraph.pdf, id=946, 235.88126pt
 x 99.37125pt>
File: algoritmi_8h_a20a98b243ec63926c11036643e703d5b_cgraph.pdf Graphic file (t
ype pdf)
<use algoritmi_8h_a20a98b243ec63926c11036643e703d5b_cgraph.pdf>
Package pdftex.def Info: algoritmi_8h_a20a98b243ec63926c11036643e703d5b_cgraph.
pdf  used on input line 90.
(pdftex.def)             Requested size: 235.0pt x 99.00102pt.
 <./algoritmi_8h_a20a98b243ec63926c11036643e703d5b_icgraph.pdf

pdfTeX warning: pdflatex (file ./algoritmi_8h_a20a98b243ec63926c11036643e703d5b
_icgraph.pdf): PDF inclusion: multiple pdfs with page group included in a singl
e page
>
<algoritmi_8h_a20a98b243ec63926c11036643e703d5b_icgraph.pdf, id=954, 240.9pt x 
99.37125pt>
File: algoritmi_8h_a20a98b243ec63926c11036643e703d5b_icgraph.pdf Graphic file (
type pdf)
<use algoritmi_8h_a20a98b243ec63926c11036643e703d5b_icgraph.pdf>
Package pdftex.def Info: algoritmi_8h_a20a98b243ec63926c11036643e703d5b_icgraph
.pdf  used on input line 97.
(pdftex.def)             Requested size: 240.0pt x 99.00253pt.
 [22] <./algoritmi_8h_afa823a96db950204c54db67098d219a3_cgraph.pdf>
<algoritmi_8h_afa823a96db950204c54db67098d219a3_cgraph.pdf, id=977, 455.7025pt 
x 136.51pt>
File: algoritmi_8h_afa823a96db950204c54db67098d219a3_cgraph.pdf Graphic file (t
ype pdf)
<use algoritmi_8h_afa823a96db950204c54db67098d219a3_cgraph.pdf>
Package pdftex.def Info: algoritmi_8h_afa823a96db950204c54db67098d219a3_cgraph.
pdf  used on input line 121.
(pdftex.def)             Requested size: 350.0pt x 104.84848pt.
 <./algoritmi_8h_afa823a96db950204c54db67098d219a3_icgraph.pdf

pdfTeX warning: pdflatex (file ./algoritmi_8h_afa823a96db950204c54db67098d219a3
_icgraph.pdf): PDF inclusion: multiple pdfs with page group included in a singl
e page
>
<algoritmi_8h_afa823a96db950204c54db67098d219a3_icgraph.pdf, id=985, 243.91125p
t x 99.37125pt>
File: algoritmi_8h_afa823a96db950204c54db67098d219a3_icgraph.pdf Graphic file (
type pdf)
<use algoritmi_8h_afa823a96db950204c54db67098d219a3_icgraph.pdf>
Package pdftex.def Info: algoritmi_8h_afa823a96db950204c54db67098d219a3_icgraph
.pdf  used on input line 128.
(pdftex.def)             Requested size: 243.0pt x 99.00102pt.
 [23] <./algoritmi_8h_a8297525246f541df4b9f8e6da2402f7d_cgraph.pdf>
<algoritmi_8h_a8297525246f541df4b9f8e6da2402f7d_cgraph.pdf, id=1008, 301.125pt 
x 136.51pt>
File: algoritmi_8h_a8297525246f541df4b9f8e6da2402f7d_cgraph.pdf Graphic file (t
ype pdf)
<use algoritmi_8h_a8297525246f541df4b9f8e6da2402f7d_cgraph.pdf>
Package pdftex.def Info: algoritmi_8h_a8297525246f541df4b9f8e6da2402f7d_cgraph.
pdf  used on input line 154.
(pdftex.def)             Requested size: 300.0pt x 136.01183pt.
 <./algoritmi_8h_a8297525246f541df4b9f8e6da2402f7d_icgraph.pdf

pdfTeX warning: pdflatex (file ./algoritmi_8h_a8297525246f541df4b9f8e6da2402f7d
_icgraph.pdf): PDF inclusion: multiple pdfs with page group included in a singl
e page
>
<algoritmi_8h_a8297525246f541df4b9f8e6da2402f7d_icgraph.pdf, id=1016, 229.85875
pt x 99.37125pt>
File: algoritmi_8h_a8297525246f541df4b9f8e6da2402f7d_icgraph.pdf Graphic file (
type pdf)
<use algoritmi_8h_a8297525246f541df4b9f8e6da2402f7d_icgraph.pdf>
Package pdftex.def Info: algoritmi_8h_a8297525246f541df4b9f8e6da2402f7d_icgraph
.pdf  used on input line 161.
(pdftex.def)             Requested size: 229.0pt x 99.00557pt.
 [24] <./algoritmi_8h_a60a51e17222e1a8d06e3419f1b6ea594_cgraph.pdf>
<algoritmi_8h_a60a51e17222e1a8d06e3419f1b6ea594_cgraph.pdf, id=1038, 415.5525pt
 x 118.4425pt>
File: algoritmi_8h_a60a51e17222e1a8d06e3419f1b6ea594_cgraph.pdf Graphic file (t
ype pdf)
<use algoritmi_8h_a60a51e17222e1a8d06e3419f1b6ea594_cgraph.pdf>
Package pdftex.def Info: algoritmi_8h_a60a51e17222e1a8d06e3419f1b6ea594_cgraph.
pdf  used on input line 195.
(pdftex.def)             Requested size: 350.0pt x 99.7621pt.
 <./algoritmi_8h_a60a51e17222e1a8d06e3419f1b6ea594_icgraph.pdf

pdfTeX warning: pdflatex (file ./algoritmi_8h_a60a51e17222e1a8d06e3419f1b6ea594
_icgraph.pdf): PDF inclusion: multiple pdfs with page group included in a singl
e page
>
<algoritmi_8h_a60a51e17222e1a8d06e3419f1b6ea594_icgraph.pdf, id=1046, 240.9pt x
 99.37125pt>
File: algoritmi_8h_a60a51e17222e1a8d06e3419f1b6ea594_icgraph.pdf Graphic file (
type pdf)
<use algoritmi_8h_a60a51e17222e1a8d06e3419f1b6ea594_icgraph.pdf>
Package pdftex.def Info: algoritmi_8h_a60a51e17222e1a8d06e3419f1b6ea594_icgraph
.pdf  used on input line 202.
(pdftex.def)             Requested size: 240.0pt x 99.00253pt.
) (algoritmi_8h_source.tex) (auxyliary__functions_8cpp.tex <./auxyliary__functi
ons_8cpp__incl.pdf

pdfTeX warning: pdflatex (file ./auxyliary__functions_8cpp__incl.pdf): PDF incl
usion: multiple pdfs with page group included in a single page
>
<auxyliary__functions_8cpp__incl.pdf, id=1068, 237.88875pt x 265.99374pt>
File: auxyliary__functions_8cpp__incl.pdf Graphic file (type pdf)
<use auxyliary__functions_8cpp__incl.pdf>
Package pdftex.def Info: auxyliary__functions_8cpp__incl.pdf  used on input lin
e 8.
(pdftex.def)             Requested size: 237.0pt x 265.01086pt.
 [25] [26]
Underfull \hbox (badness 10000) detected at line 42
[][][]
 []

 <./auxyliary__functions_8cpp_a554a44b83cdd2f59675485e795e20ab5_cgraph.pdf>
<auxyliary__functions_8cpp_a554a44b83cdd2f59675485e795e20ab5_cgraph.pdf, id=113
0, 292.09125pt x 99.37125pt>
File: auxyliary__functions_8cpp_a554a44b83cdd2f59675485e795e20ab5_cgraph.pdf Gr
aphic file (type pdf)
<use auxyliary__functions_8cpp_a554a44b83cdd2f59675485e795e20ab5_cgraph.pdf>
Package pdftex.def Info: auxyliary__functions_8cpp_a554a44b83cdd2f59675485e795e
20ab5_cgraph.pdf  used on input line 53.
(pdftex.def)             Requested size: 291.0pt x 99.0086pt.
 <./auxyliary__functions_8cpp_a554a44b83cdd2f59675485e795e20ab5_icgraph.pdf

pdfTeX warning: pdflatex (file ./auxyliary__functions_8cpp_a554a44b83cdd2f59675
485e795e20ab5_icgraph.pdf): PDF inclusion: multiple pdfs with page group includ
ed in a single page
>
<auxyliary__functions_8cpp_a554a44b83cdd2f59675485e795e20ab5_icgraph.pdf, id=11
38, 363.3575pt x 99.37125pt>
File: auxyliary__functions_8cpp_a554a44b83cdd2f59675485e795e20ab5_icgraph.pdf G
raphic file (type pdf)
<use auxyliary__functions_8cpp_a554a44b83cdd2f59675485e795e20ab5_icgraph.pdf>
Package pdftex.def Info: auxyliary__functions_8cpp_a554a44b83cdd2f59675485e795e
20ab5_icgraph.pdf  used on input line 60.
(pdftex.def)             Requested size: 350.0pt x 95.7213pt.
 [27]
Underfull \hbox (badness 10000) detected at line 76
[][][]
 []

 <./auxyliary__functions_8cpp_a6c6776f8d3161d3a79e28d7882ed1e21_icgraph.pdf>
<auxyliary__functions_8cpp_a6c6776f8d3161d3a79e28d7882ed1e21_icgraph.pdf, id=11
60, 312.16624pt x 173.64874pt>
File: auxyliary__functions_8cpp_a6c6776f8d3161d3a79e28d7882ed1e21_icgraph.pdf G
raphic file (type pdf)
<use auxyliary__functions_8cpp_a6c6776f8d3161d3a79e28d7882ed1e21_icgraph.pdf>
Package pdftex.def Info: auxyliary__functions_8cpp_a6c6776f8d3161d3a79e28d7882e
d1e21_icgraph.pdf  used on input line 87.
(pdftex.def)             Requested size: 311.0pt x 173.00444pt.

Underfull \hbox (badness 10000) detected at line 105
[][][]
 []

 <./auxyliary__functions_8cpp_a8c714bb8d5c8f392c4b48d6ba943b104_icgraph.pdf

pdfTeX warning: pdflatex (file ./auxyliary__functions_8cpp_a8c714bb8d5c8f392c4b
48d6ba943b104_icgraph.pdf): PDF inclusion: multiple pdfs with page group includ
ed in a single page
>
<auxyliary__functions_8cpp_a8c714bb8d5c8f392c4b48d6ba943b104_icgraph.pdf, id=11
74, 318.18875pt x 99.37125pt>
File: auxyliary__functions_8cpp_a8c714bb8d5c8f392c4b48d6ba943b104_icgraph.pdf G
raphic file (type pdf)
<use auxyliary__functions_8cpp_a8c714bb8d5c8f392c4b48d6ba943b104_icgraph.pdf>
Package pdftex.def Info: auxyliary__functions_8cpp_a8c714bb8d5c8f392c4b48d6ba94
3b104_icgraph.pdf  used on input line 116.
(pdftex.def)             Requested size: 317.0pt x 98.99951pt.
 [28]
Underfull \hbox (badness 10000) detected at line 132
[][][]
 []

 <./auxyliary__functions_8cpp_aaeb7d20917f739703e3861904467dec0_icgraph.pdf>
<auxyliary__functions_8cpp_aaeb7d20917f739703e3861904467dec0_icgraph.pdf, id=12
01, 488.82625pt x 118.4425pt>
File: auxyliary__functions_8cpp_aaeb7d20917f739703e3861904467dec0_icgraph.pdf G
raphic file (type pdf)
<use auxyliary__functions_8cpp_aaeb7d20917f739703e3861904467dec0_icgraph.pdf>
Package pdftex.def Info: auxyliary__functions_8cpp_aaeb7d20917f739703e386190446
7dec0_icgraph.pdf  used on input line 143.
(pdftex.def)             Requested size: 350.0pt x 84.80682pt.

[29]
Underfull \hbox (badness 10000) detected at line 159
[][][]
 []

 <./auxyliary__functions_8cpp_ace10562a91dd8d1c495bd5ec8609eab4_icgraph.pdf>
<auxyliary__functions_8cpp_ace10562a91dd8d1c495bd5ec8609eab4_icgraph.pdf, id=12
25, 374.39874pt x 99.37125pt>
File: auxyliary__functions_8cpp_ace10562a91dd8d1c495bd5ec8609eab4_icgraph.pdf G
raphic file (type pdf)
<use auxyliary__functions_8cpp_ace10562a91dd8d1c495bd5ec8609eab4_icgraph.pdf>
Package pdftex.def Info: auxyliary__functions_8cpp_ace10562a91dd8d1c495bd5ec860
9eab4_icgraph.pdf  used on input line 170.
(pdftex.def)             Requested size: 350.0pt x 92.90102pt.
)
(auxyliary__functions_8cpp_source.tex [30]) (auxyliary__functions_8h.tex <./aux
yliary__functions_8h__incl.pdf>
<auxyliary__functions_8h__incl.pdf, id=1307, 237.88875pt x 210.7875pt>
File: auxyliary__functions_8h__incl.pdf Graphic file (type pdf)
<use auxyliary__functions_8h__incl.pdf>
Package pdftex.def Info: auxyliary__functions_8h__incl.pdf  used on input line 
10.
(pdftex.def)             Requested size: 237.0pt x 210.00862pt.
 <./auxyliary__functions_8h__dep__incl.pdf

pdfTeX warning: pdflatex (file ./auxyliary__functions_8h__dep__incl.pdf): PDF i
nclusion: multiple pdfs with page group included in a single page
>
<auxyliary__functions_8h__dep__incl.pdf, id=1315, 325.215pt x 210.7875pt>
File: auxyliary__functions_8h__dep__incl.pdf Graphic file (type pdf)
<use auxyliary__functions_8h__dep__incl.pdf>
Package pdftex.def Info: auxyliary__functions_8h__dep__incl.pdf  used on input 
line 18.
(pdftex.def)             Requested size: 324.0pt x 210.01506pt.
 [31] [32]
Underfull \hbox (badness 10000) detected at line 52
[][][]
 []

 <./auxyliary__functions_8h_a554a44b83cdd2f59675485e795e20ab5_cgraph.pdf>
<auxyliary__functions_8h_a554a44b83cdd2f59675485e795e20ab5_cgraph.pdf, id=1385,
 292.09125pt x 99.37125pt>
File: auxyliary__functions_8h_a554a44b83cdd2f59675485e795e20ab5_cgraph.pdf Grap
hic file (type pdf)
<use auxyliary__functions_8h_a554a44b83cdd2f59675485e795e20ab5_cgraph.pdf>
Package pdftex.def Info: auxyliary__functions_8h_a554a44b83cdd2f59675485e795e20
ab5_cgraph.pdf  used on input line 63.
(pdftex.def)             Requested size: 291.0pt x 99.0086pt.
 <./auxyliary__functions_8h_a554a44b83cdd2f59675485e795e20ab5_icgraph.pdf

pdfTeX warning: pdflatex (file ./auxyliary__functions_8h_a554a44b83cdd2f5967548
5e795e20ab5_icgraph.pdf): PDF inclusion: multiple pdfs with page group included
 in a single page
>
<auxyliary__functions_8h_a554a44b83cdd2f59675485e795e20ab5_icgraph.pdf, id=1393
, 363.3575pt x 99.37125pt>
File: auxyliary__functions_8h_a554a44b83cdd2f59675485e795e20ab5_icgraph.pdf Gra
phic file (type pdf)
<use auxyliary__functions_8h_a554a44b83cdd2f59675485e795e20ab5_icgraph.pdf>
Package pdftex.def Info: auxyliary__functions_8h_a554a44b83cdd2f59675485e795e20
ab5_icgraph.pdf  used on input line 70.
(pdftex.def)             Requested size: 350.0pt x 95.7213pt.

Underfull \hbox (badness 10000) detected at line 86
[][][]
 []

 <./auxyliary__functions_8h_a6c6776f8d3161d3a79e28d7882ed1e21_icgraph.pdf

pdfTeX warning: pdflatex (file ./auxyliary__functions_8h_a6c6776f8d3161d3a79e28
d7882ed1e21_icgraph.pdf): PDF inclusion: multiple pdfs with page group included
 in a single page
>
<auxyliary__functions_8h_a6c6776f8d3161d3a79e28d7882ed1e21_icgraph.pdf, id=1403
, 312.16624pt x 173.64874pt>
File: auxyliary__functions_8h_a6c6776f8d3161d3a79e28d7882ed1e21_icgraph.pdf Gra
phic file (type pdf)
<use auxyliary__functions_8h_a6c6776f8d3161d3a79e28d7882ed1e21_icgraph.pdf>
Package pdftex.def Info: auxyliary__functions_8h_a6c6776f8d3161d3a79e28d7882ed1
e21_icgraph.pdf  used on input line 97.
(pdftex.def)             Requested size: 311.0pt x 173.00444pt.
 [33]
Underfull \hbox (badness 10000) detected at line 115
[][][]
 []

 <./auxyliary__functions_8h_a8c714bb8d5c8f392c4b48d6ba943b104_icgraph.pdf>
<auxyliary__functions_8h_a8c714bb8d5c8f392c4b48d6ba943b104_icgraph.pdf, id=1426
, 318.18875pt x 99.37125pt>
File: auxyliary__functions_8h_a8c714bb8d5c8f392c4b48d6ba943b104_icgraph.pdf Gra
phic file (type pdf)
<use auxyliary__functions_8h_a8c714bb8d5c8f392c4b48d6ba943b104_icgraph.pdf>
Package pdftex.def Info: auxyliary__functions_8h_a8c714bb8d5c8f392c4b48d6ba943b
104_icgraph.pdf  used on input line 126.
(pdftex.def)             Requested size: 317.0pt x 98.99951pt.

[34]
Underfull \hbox (badness 10000) detected at line 142
[][][]
 []

 <./auxyliary__functions_8h_aaeb7d20917f739703e3861904467dec0_icgraph.pdf>
<auxyliary__functions_8h_aaeb7d20917f739703e3861904467dec0_icgraph.pdf, id=1452
, 488.82625pt x 118.4425pt>
File: auxyliary__functions_8h_aaeb7d20917f739703e3861904467dec0_icgraph.pdf Gra
phic file (type pdf)
<use auxyliary__functions_8h_aaeb7d20917f739703e3861904467dec0_icgraph.pdf>
Package pdftex.def Info: auxyliary__functions_8h_aaeb7d20917f739703e3861904467d
ec0_icgraph.pdf  used on input line 153.
(pdftex.def)             Requested size: 350.0pt x 84.80682pt.

Underfull \hbox (badness 10000) detected at line 169
[][][]
 []

 <./auxyliary__functions_8h_ace10562a91dd8d1c495bd5ec8609eab4_icgraph.pdf

pdfTeX warning: pdflatex (file ./auxyliary__functions_8h_ace10562a91dd8d1c495bd
5ec8609eab4_icgraph.pdf): PDF inclusion: multiple pdfs with page group included
 in a single page
>
<auxyliary__functions_8h_ace10562a91dd8d1c495bd5ec8609eab4_icgraph.pdf, id=1467
, 374.39874pt x 99.37125pt>
File: auxyliary__functions_8h_ace10562a91dd8d1c495bd5ec8609eab4_icgraph.pdf Gra
phic file (type pdf)
<use auxyliary__functions_8h_ace10562a91dd8d1c495bd5ec8609eab4_icgraph.pdf>
Package pdftex.def Info: auxyliary__functions_8h_ace10562a91dd8d1c495bd5ec8609e
ab4_icgraph.pdf  used on input line 180.
(pdftex.def)             Requested size: 350.0pt x 92.90102pt.
) (auxyliary__functions_8h_source.tex [35]) (_l_i_c_e_n_s_e_8md.tex)
(main_8cpp.tex <./main_8cpp__incl.pdf>
<main_8cpp__incl.pdf, id=1495, 615.29875pt x 321.2pt>
File: main_8cpp__incl.pdf Graphic file (type pdf)
<use main_8cpp__incl.pdf>
Package pdftex.def Info: main_8cpp__incl.pdf  used on input line 14.
(pdftex.def)             Requested size: 350.0pt x 182.70851pt.
 [36] <./main_8cpp_a0ddf1224851353fc92bfbff6f499fa97_cgraph.pdf>
<main_8cpp_a0ddf1224851353fc92bfbff6f499fa97_cgraph.pdf, id=1534, 528.97626pt x
 324.21124pt>
File: main_8cpp_a0ddf1224851353fc92bfbff6f499fa97_cgraph.pdf Graphic file (type
 pdf)
<use main_8cpp_a0ddf1224851353fc92bfbff6f499fa97_cgraph.pdf>
Package pdftex.def Info: main_8cpp_a0ddf1224851353fc92bfbff6f499fa97_cgraph.pdf
  used on input line 56.
(pdftex.def)             Requested size: 350.0pt x 214.51436pt.
 [37]) (main_8cpp_source.tex [38]) (_r_e_a_d_m_e_8md.tex) (selection__sort_8cpp
.tex <./selection__sort_8cpp__incl.pdf>
<selection__sort_8cpp__incl.pdf, id=1602, 176.66pt x 265.99374pt>
File: selection__sort_8cpp__incl.pdf Graphic file (type pdf)
<use selection__sort_8cpp__incl.pdf>
Package pdftex.def Info: selection__sort_8cpp__incl.pdf  used on input line 9.
(pdftex.def)             Requested size: 176.0pt x 265.00275pt.
 [39]
LaTeX Font Info:    Font shape `T1/phv/m/n' will be
(Font)              scaled to size 8.09995pt on input line 16.
LaTeX Font Info:    Font shape `T1/phv/m/it' in size <9> not available
(Font)              Font shape `T1/phv/m/sl' tried instead on input line 16.
LaTeX Font Info:    Font shape `T1/phv/m/sl' will be
(Font)              scaled to size 8.09995pt on input line 16.
LaTeX Font Info:    Font shape `T1/phv/m/it' in size <7> not available
(Font)              Font shape `T1/phv/m/sl' tried instead on input line 18.
LaTeX Font Info:    Font shape `T1/phv/m/sl' will be
(Font)              scaled to size 6.29996pt on input line 18.
 <./selection__sort_8cpp_abe673ebe5e0074d8a5d56555244c20ed_icgraph.pdf

pdfTeX warning: pdflatex (file ./selection__sort_8cpp_abe673ebe5e0074d8a5d56555
244c20ed_icgraph.pdf): PDF inclusion: multiple pdfs with page group included in
 a single page
>
<selection__sort_8cpp_abe673ebe5e0074d8a5d56555244c20ed_icgraph.pdf, id=1717, 5
28.97626pt x 99.37125pt>
File: selection__sort_8cpp_abe673ebe5e0074d8a5d56555244c20ed_icgraph.pdf Graphi
c file (type pdf)
<use selection__sort_8cpp_abe673ebe5e0074d8a5d56555244c20ed_icgraph.pdf>
Package pdftex.def Info: selection__sort_8cpp_abe673ebe5e0074d8a5d56555244c20ed
_icgraph.pdf  used on input line 44.
(pdftex.def)             Requested size: 350.0pt x 65.74898pt.
 [40] <./selection__sort_8cpp_a4fe8dea4c73b5643413c2a0eaea1197d_icgraph.pdf>
<selection__sort_8cpp_a4fe8dea4c73b5643413c2a0eaea1197d_icgraph.pdf, id=1738, 5
00.87125pt x 99.37125pt>
File: selection__sort_8cpp_a4fe8dea4c73b5643413c2a0eaea1197d_icgraph.pdf Graphi
c file (type pdf)
<use selection__sort_8cpp_a4fe8dea4c73b5643413c2a0eaea1197d_icgraph.pdf>
Package pdftex.def Info: selection__sort_8cpp_a4fe8dea4c73b5643413c2a0eaea1197d
_icgraph.pdf  used on input line 65.
(pdftex.def)             Requested size: 350.0pt x 69.44112pt.
 <./selection__sort_8cpp_a5f088b07860f6bb7c673e49c6179bc06_cgraph.pdf

pdfTeX warning: pdflatex (file ./selection__sort_8cpp_a5f088b07860f6bb7c673e49c
6179bc06_cgraph.pdf): PDF inclusion: multiple pdfs with page group included in 
a single page
>
<selection__sort_8cpp_a5f088b07860f6bb7c673e49c6179bc06_cgraph.pdf, id=1749, 32
9.23pt x 99.37125pt>
File: selection__sort_8cpp_a5f088b07860f6bb7c673e49c6179bc06_cgraph.pdf Graphic
 file (type pdf)
<use selection__sort_8cpp_a5f088b07860f6bb7c673e49c6179bc06_cgraph.pdf>
Package pdftex.def Info: selection__sort_8cpp_a5f088b07860f6bb7c673e49c6179bc06
_cgraph.pdf  used on input line 86.
(pdftex.def)             Requested size: 328.0pt x 99.00253pt.
 [41] <./selection__sort_8cpp_a5f088b07860f6bb7c673e49c6179bc06_icgraph.pdf>
<selection__sort_8cpp_a5f088b07860f6bb7c673e49c6179bc06_icgraph.pdf, id=1767, 3
96.48125pt x 99.37125pt>
File: selection__sort_8cpp_a5f088b07860f6bb7c673e49c6179bc06_icgraph.pdf Graphi
c file (type pdf)
<use selection__sort_8cpp_a5f088b07860f6bb7c673e49c6179bc06_icgraph.pdf>
Package pdftex.def Info: selection__sort_8cpp_a5f088b07860f6bb7c673e49c6179bc06
_icgraph.pdf  used on input line 93.
(pdftex.def)             Requested size: 350.0pt x 87.72292pt.
 <./selection__sort_8cpp_ab12f879c287dcc730725c53b04683a85_cgraph.pdf

pdfTeX warning: pdflatex (file ./selection__sort_8cpp_ab12f879c287dcc730725c53b
04683a85_cgraph.pdf): PDF inclusion: multiple pdfs with page group included in 
a single page
>
<selection__sort_8cpp_ab12f879c287dcc730725c53b04683a85_cgraph.pdf, id=1778, 31
1.1625pt x 99.37125pt>
File: selection__sort_8cpp_ab12f879c287dcc730725c53b04683a85_cgraph.pdf Graphic
 file (type pdf)
<use selection__sort_8cpp_ab12f879c287dcc730725c53b04683a85_cgraph.pdf>
Package pdftex.def Info: selection__sort_8cpp_ab12f879c287dcc730725c53b04683a85
_cgraph.pdf  used on input line 114.
(pdftex.def)             Requested size: 310.0pt x 99.00102pt.
 <./selection__sort_8cpp_ab12f879c287dcc730725c53b04683a85_icgraph.pdf

pdfTeX warning: pdflatex (file ./selection__sort_8cpp_ab12f879c287dcc730725c53b
04683a85_icgraph.pdf): PDF inclusion: multiple pdfs with page group included in
 a single page
>
<selection__sort_8cpp_ab12f879c287dcc730725c53b04683a85_icgraph.pdf, id=1786, 3
77.41pt x 99.37125pt>
File: selection__sort_8cpp_ab12f879c287dcc730725c53b04683a85_icgraph.pdf Graphi
c file (type pdf)
<use selection__sort_8cpp_ab12f879c287dcc730725c53b04683a85_icgraph.pdf>
Package pdftex.def Info: selection__sort_8cpp_ab12f879c287dcc730725c53b04683a85
_icgraph.pdf  used on input line 121.
(pdftex.def)             Requested size: 350.0pt x 92.1535pt.
) (selection__sort_8cpp_source.tex [42]) (selection__sort_8h.tex <./selection__
sort_8h__incl.pdf>
<selection__sort_8h__incl.pdf, id=1826, 165.61874pt x 210.7875pt>
File: selection__sort_8h__incl.pdf Graphic file (type pdf)
<use selection__sort_8h__incl.pdf>
Package pdftex.def Info: selection__sort_8h__incl.pdf  used on input line 9.
(pdftex.def)             Requested size: 165.0pt x 210.00862pt.
 [43] <./selection__sort_8h__dep__incl.pdf>
<selection__sort_8h__dep__incl.pdf, id=1875, 302.12875pt x 210.7875pt>
File: selection__sort_8h__dep__incl.pdf Graphic file (type pdf)
<use selection__sort_8h__dep__incl.pdf>
Package pdftex.def Info: selection__sort_8h__dep__incl.pdf  used on input line 
17.
(pdftex.def)             Requested size: 301.0pt x 209.99898pt.
 [44] <./selection__sort_8h_a5f088b07860f6bb7c673e49c6179bc06_cgraph.pdf>
<selection__sort_8h_a5f088b07860f6bb7c673e49c6179bc06_cgraph.pdf, id=1900, 329.
23pt x 99.37125pt>
File: selection__sort_8h_a5f088b07860f6bb7c673e49c6179bc06_cgraph.pdf Graphic f
ile (type pdf)
<use selection__sort_8h_a5f088b07860f6bb7c673e49c6179bc06_cgraph.pdf>
Package pdftex.def Info: selection__sort_8h_a5f088b07860f6bb7c673e49c6179bc06_c
graph.pdf  used on input line 48.
(pdftex.def)             Requested size: 328.0pt x 99.00253pt.
 <./selection__sort_8h_a5f088b07860f6bb7c673e49c6179bc06_icgraph.pdf

pdfTeX warning: pdflatex (file ./selection__sort_8h_a5f088b07860f6bb7c673e49c61
79bc06_icgraph.pdf): PDF inclusion: multiple pdfs with page group included in a
 single page
>
<selection__sort_8h_a5f088b07860f6bb7c673e49c6179bc06_icgraph.pdf, id=1908, 396
.48125pt x 99.37125pt>
File: selection__sort_8h_a5f088b07860f6bb7c673e49c6179bc06_icgraph.pdf Graphic 
file (type pdf)
<use selection__sort_8h_a5f088b07860f6bb7c673e49c6179bc06_icgraph.pdf>
Package pdftex.def Info: selection__sort_8h_a5f088b07860f6bb7c673e49c6179bc06_i
cgraph.pdf  used on input line 55.
(pdftex.def)             Requested size: 350.0pt x 87.72292pt.
 <./selection__sort_8h_ab12f879c287dcc730725c53b04683a85_cgraph.pdf

pdfTeX warning: pdflatex (file ./selection__sort_8h_ab12f879c287dcc730725c53b04
683a85_cgraph.pdf): PDF inclusion: multiple pdfs with page group included in a 
single page
>
<selection__sort_8h_ab12f879c287dcc730725c53b04683a85_cgraph.pdf, id=1919, 311.
1625pt x 99.37125pt>
File: selection__sort_8h_ab12f879c287dcc730725c53b04683a85_cgraph.pdf Graphic f
ile (type pdf)
<use selection__sort_8h_ab12f879c287dcc730725c53b04683a85_cgraph.pdf>
Package pdftex.def Info: selection__sort_8h_ab12f879c287dcc730725c53b04683a85_c
graph.pdf  used on input line 76.
(pdftex.def)             Requested size: 310.0pt x 99.00102pt.
 <./selection__sort_8h_ab12f879c287dcc730725c53b04683a85_icgraph.pdf

pdfTeX warning: pdflatex (file ./selection__sort_8h_ab12f879c287dcc730725c53b04
683a85_icgraph.pdf): PDF inclusion: multiple pdfs with page group included in a
 single page
>
<selection__sort_8h_ab12f879c287dcc730725c53b04683a85_icgraph.pdf, id=1927, 377
.41pt x 99.37125pt>
File: selection__sort_8h_ab12f879c287dcc730725c53b04683a85_icgraph.pdf Graphic 
file (type pdf)
<use selection__sort_8h_ab12f879c287dcc730725c53b04683a85_icgraph.pdf>
Package pdftex.def Info: selection__sort_8h_ab12f879c287dcc730725c53b04683a85_i
cgraph.pdf  used on input line 83.
(pdftex.def)             Requested size: 350.0pt x 92.1535pt.
) (selection__sort_8h_source.tex [45]) (struct_8h.tex <./struct_8h__incl.pdf>
<struct_8h__incl.pdf, id=1949, 129.48375pt x 155.58125pt>
File: struct_8h__incl.pdf Graphic file (type pdf)
<use struct_8h__incl.pdf>
Package pdftex.def Info: struct_8h__incl.pdf  used on input line 8.
(pdftex.def)             Requested size: 129.0pt x 155.01584pt.
 <./struct_8h__dep__incl.pdf

pdfTeX warning: pdflatex (file ./struct_8h__dep__incl.pdf): PDF inclusion: mult
iple pdfs with page group included in a single page
>
<struct_8h__dep__incl.pdf, id=1957, 392.46625pt x 265.99374pt>
File: struct_8h__dep__incl.pdf Graphic file (type pdf)
<use struct_8h__dep__incl.pdf>
Package pdftex.def Info: struct_8h__dep__incl.pdf  used on input line 16.
(pdftex.def)             Requested size: 350.0pt x 237.22884pt.
 [46]) (struct_8h_source.tex) [47] [48

] (refman.ind [49


] [50

]) (refman.aux)
Package rerunfilecheck Info: File `refman.out' has not changed.
(rerunfilecheck)             Checksum: 08DB71CA9945B40D8A549D68A9D27707;14989.
 ) 
Here is how much of TeX's memory you used:
 20375 strings out of 476339
 376852 string characters out of 5774840
 1874388 words of memory out of 5000000
 39711 multiletter control sequences out of 15000+600000
 571533 words of font info for 102 fonts, out of 8000000 for 9000
 1141 hyphenation exceptions out of 8191
 101i,16n,117p,1049b,754s stack positions out of 10000i,1000n,20000p,200000b,200000s
{/Users/matteofranchini/Library/Application Support/MiKTeX/texmfs/install/fon
ts/enc/dvips/base/8r.enc}</Users/matteofranchini/Library/Application Support/Mi
KTeX/texmfs/install/fonts/type1/public/amsfonts/cm/cmmi10.pfb></Users/matteofra
nchini/Library/Application Support/MiKTeX/texmfs/install/fonts/type1/public/ams
fonts/cm/cmmi8.pfb></Users/matteofranchini/Library/Application Support/MiKTeX/t
exmfs/install/fonts/type1/public/amsfonts/cm/cmsy10.pfb></Users/matteofranchini
/Library/Application Support/MiKTeX/texmfs/install/fonts/type1/public/amsfonts/
cm/cmsy8.pfb></Users/matteofranchini/Library/Application Support/MiKTeX/texmfs/
install/fonts/type1/urw/courier/ucrr8a.pfb></Users/matteofranchini/Library/Appl
ication Support/MiKTeX/texmfs/install/fonts/type1/urw/courier/ucrro8a.pfb></Use
rs/matteofranchini/Library/Application Support/MiKTeX/texmfs/install/fonts/type
1/urw/helvetic/uhvb8a.pfb></Users/matteofranchini/Library/Application Support/M
iKTeX/texmfs/install/fonts/type1/urw/helvetic/uhvb8ac.pfb></Users/matteofranchi
ni/Library/Application Support/MiKTeX/texmfs/install/fonts/type1/urw/helvetic/u
hvr8a.pfb></Users/matteofranchini/Library/Application Support/MiKTeX/texmfs/ins
tall/fonts/type1/urw/helvetic/uhvro8a.pfb>
Output written on refman.pdf (54 pages, 876297 bytes).
PDF statistics:
 2295 PDF objects out of 2487 (max. 8388607)
 682 named destinations out of 1000 (max. 500000)
 852 words of extra memory for PDF output out of 10000 (max. 10000000)

